c:\users\jgalv\source\repos\olcshmup\olcshmup\x64\debug\vc143.pdb
c:\users\jgalv\source\repos\olcshmup\olcshmup\x64\debug\vc143.idb
c:\users\jgalv\source\repos\olcshmup\olcshmup\x64\debug\zoomingstarsbg.obj
c:\users\jgalv\source\repos\olcshmup\olcshmup\x64\debug\spawn.obj
c:\users\jgalv\source\repos\olcshmup\olcshmup\x64\debug\screen.obj
c:\users\jgalv\source\repos\olcshmup\olcshmup\x64\debug\player.obj
c:\users\jgalv\source\repos\olcshmup\olcshmup\x64\debug\olcshmup.obj
c:\users\jgalv\source\repos\olcshmup\olcshmup\x64\debug\explosion.obj
c:\users\jgalv\source\repos\olcshmup\olcshmup\x64\debug\enemy.obj
c:\users\jgalv\source\repos\olcshmup\olcshmup\x64\debug\powerup.obj
c:\users\jgalv\source\repos\olcshmup\olcshmup\x64\debug\retromenu.obj
c:\users\jgalv\source\repos\olcshmup\olcshmup\x64\debug\bullet.obj
c:\users\jgalv\source\repos\olcshmup\olcshmup\x64\debug\scrollingstarsbg.obj
c:\users\jgalv\source\repos\olcshmup\olcshmup\x64\debug\playermovement.obj
c:\users\jgalv\source\repos\olcshmup\olcshmup\x64\debug\artifact.obj
c:\users\jgalv\source\repos\olcshmup\x64\debug\olcshmup.exe
c:\users\jgalv\source\repos\olcshmup\x64\debug\olcshmup.pdb
c:\users\jgalv\source\repos\olcshmup\olcshmup\x64\debug\olcshmup.ilk
c:\users\jgalv\source\repos\johnnyg63\olcshmup\olcshmup\x64\debug\olcshmup.vcxproj.cppwinrt_comp.cache
c:\users\jgalv\source\repos\johnnyg63\olcshmup\olcshmup\x64\debug\olcshmup.vcxproj.cppwinrt_plat.cache
c:\users\jgalv\source\repos\johnnyg63\olcshmup\olcshmup\x64\debug\olcshmup.vcxproj.mdmergeinputs.cache
c:\users\jgalv\source\repos\johnnyg63\olcshmup\olcshmup\x64\debug\artifact.obj
c:\users\jgalv\source\repos\johnnyg63\olcshmup\olcshmup\x64\debug\bullet.obj
c:\users\jgalv\source\repos\johnnyg63\olcshmup\olcshmup\x64\debug\enemy.obj
c:\users\jgalv\source\repos\johnnyg63\olcshmup\olcshmup\x64\debug\explosion.obj
c:\users\jgalv\source\repos\johnnyg63\olcshmup\olcshmup\x64\debug\olcshmup.obj
c:\users\jgalv\source\repos\johnnyg63\olcshmup\olcshmup\x64\debug\player.obj
c:\users\jgalv\source\repos\johnnyg63\olcshmup\olcshmup\x64\debug\playermovement.obj
c:\users\jgalv\source\repos\johnnyg63\olcshmup\olcshmup\x64\debug\powerup.obj
c:\users\jgalv\source\repos\johnnyg63\olcshmup\olcshmup\x64\debug\retromenu.obj
c:\users\jgalv\source\repos\johnnyg63\olcshmup\olcshmup\x64\debug\screen.obj
c:\users\jgalv\source\repos\johnnyg63\olcshmup\olcshmup\x64\debug\scrollingstarsbg.obj
c:\users\jgalv\source\repos\johnnyg63\olcshmup\olcshmup\x64\debug\spawn.obj
c:\users\jgalv\source\repos\johnnyg63\olcshmup\olcshmup\x64\debug\zoomingstarsbg.obj
c:\users\jgalv\source\repos\johnnyg63\olcshmup\olcshmup\x64\debug\olcshmup.ilk
c:\users\jgalv\source\repos\johnnyg63\olcshmup\olcshmup\x64\debug\olcshmup.vcxproj.cppwinrt_comp.rsp
c:\users\jgalv\source\repos\johnnyg63\olcshmup\olcshmup\x64\debug\olcshmup.vcxproj.cppwinrt_plat.rsp
c:\users\jgalv\source\repos\johnnyg63\olcshmup\olcshmup\x64\debug\olcshmup.vcxproj.mdmerge.rsp
c:\users\jgalv\source\repos\johnnyg63\olcshmup\olcshmup\x64\debug\olcshmup.vcxproj.midlrt.rsp
c:\users\jgalv\source\repos\johnnyg63\olcshmup\olcshmup\x64\debug\vc143.idb
c:\users\jgalv\source\repos\johnnyg63\olcshmup\olcshmup\x64\debug\vc143.pdb
c:\users\jgalv\source\repos\johnnyg63\olcshmup\x64\debug\olcshmup.pdb
c:\users\jgalv\source\repos\johnnyg63\olcshmup\x64\debug\olcshmup.exe
c:\users\jgalv\source\repos\johnnyg63\olcshmup\olcshmup\x64\debug\olcshmup.tlog\cl.command.1.tlog
c:\users\jgalv\source\repos\johnnyg63\olcshmup\olcshmup\x64\debug\olcshmup.tlog\cl.items.tlog
c:\users\jgalv\source\repos\johnnyg63\olcshmup\olcshmup\x64\debug\olcshmup.tlog\cl.read.1.tlog
c:\users\jgalv\source\repos\johnnyg63\olcshmup\olcshmup\x64\debug\olcshmup.tlog\cl.write.1.tlog
c:\users\jgalv\source\repos\johnnyg63\olcshmup\olcshmup\x64\debug\olcshmup.tlog\link.command.1.tlog
c:\users\jgalv\source\repos\johnnyg63\olcshmup\olcshmup\x64\debug\olcshmup.tlog\link.read.1.tlog
c:\users\jgalv\source\repos\johnnyg63\olcshmup\olcshmup\x64\debug\olcshmup.tlog\link.secondary.1.tlog
c:\users\jgalv\source\repos\johnnyg63\olcshmup\olcshmup\x64\debug\olcshmup.tlog\link.write.1.tlog
